The file '/home/wcz/prj/eecourse/vcdplus.vpd' was opened successfully.
libraries/syn/generic.sdb'
8 drivers (1 active statement) found for signal: full_adder_tb.ain
1 driver (1 active statement) found for signal: full_adder_tb.sumout
1 driver (1 active statement) found for signal: full_adder_tb.u_full_adder.sum_out
1 driver (1 active statement) found for signal: full_adder_tb.u_full_adder.sum_out
1 driver (1 active statement) found for signal: full_adder_tb.u_full_adder.sum_out
Error: [EK-CMD-009]
value 'No message selected.' for option '-msgid' not of type 'integer'.
Error: [EK-CMD-009]
value 'No message selected.' for option '-msgid' not of type 'integer'.
Error: [EK-CMD-009]
value 'No message selected.' for option '-msgid' not of type 'integer'.
Error: [EK-CMD-009]
value 'No message selected.' for option '-msgid' not of type 'integer'.
Error: [EK-CMD-009]
value 'No message selected.' for option '-msgid' not of type 'integer'.
Error: [EK-CMD-009]
value 'No message selected.' for option '-msgid' not of type 'integer'.
1 driver (1 active statement) found for signal: full_adder_tb.sumout
1 driver (1 active statement) found for signal: full_adder_tb.u_full_adder.sum_out
